[debug] [2023-03-25T15:03:09.852Z] ----------------------------------------------------------------------
[debug] [2023-03-25T15:03:09.854Z] Command:       /Users/nurilacka/.nvm/versions/node/v14.21.2/bin/node /Users/nurilacka/.nvm/versions/node/v14.21.2/bin/firebase emulators:start
[debug] [2023-03-25T15:03:09.855Z] CLI Version:   11.25.1
[debug] [2023-03-25T15:03:09.855Z] Platform:      darwin
[debug] [2023-03-25T15:03:09.855Z] Node Version:  v14.21.2
[debug] [2023-03-25T15:03:09.857Z] Time:          Sat Mar 25 2023 16:03:09 GMT+0100 (Central European Standard Time)
[debug] [2023-03-25T15:03:09.858Z] ----------------------------------------------------------------------
[debug] 
[debug] [2023-03-25T15:03:09.950Z] > command requires scopes: ["email","openid","https://www.googleapis.com/auth/cloudplatformprojects.readonly","https://www.googleapis.com/auth/firebase","https://www.googleapis.com/auth/cloud-platform"]
[debug] [2023-03-25T15:03:09.951Z] > authorizing via signed-in user (nurilacka@gmail.com)
[info] i  emulators: Starting emulators: hosting {"metadata":{"emulator":{"name":"hub"},"message":"Starting emulators: hosting"}}
[warn] ⚠  hub: emulator hub unable to start on port 4400, starting on 4401 instead. {"metadata":{"emulator":{"name":"hub"},"message":"emulator hub unable to start on port 4400, starting on 4401 instead."}}
[warn] ⚠  logging: Logging Emulator unable to start on port 4500, starting on 4501 instead. {"metadata":{"emulator":{"name":"logging"},"message":"Logging Emulator unable to start on port 4500, starting on 4501 instead."}}
[debug] [2023-03-25T15:03:10.512Z] [logging] Logging Emulator only supports listening on one address (127.0.0.1). Not listening on ::1
[warn] ⚠  hosting: Hosting Emulator unable to start on port 5000, starting on 5002 instead. {"metadata":{"emulator":{"name":"hosting"},"message":"Hosting Emulator unable to start on port 5000, starting on 5002 instead."}}
[debug] [2023-03-25T15:03:10.513Z] [hosting] Hosting Emulator only supports listening on one address (127.0.0.1). Not listening on ::1
[debug] [2023-03-25T15:03:10.513Z] assigned listening specs for emulators {"user":{"hub":[{"address":"127.0.0.1","family":"IPv4","port":4401},{"address":"::1","family":"IPv6","port":4401}],"logging":[{"address":"127.0.0.1","family":"IPv4","port":4501}],"hosting":[{"address":"127.0.0.1","family":"IPv4","port":5002}]},"metadata":{"message":"assigned listening specs for emulators"}}
[warn] ⚠  emulators: It seems that you are running multiple instances of the emulator suite for project shopping-87340. This may result in unexpected behavior. 
[debug] [2023-03-25T15:03:10.521Z] [hub] writing locator at /var/folders/zk/79s88jzx4s35yhqnmpnmffpc0000gp/T/hub-shopping-87340.json
[debug] [2023-03-25T15:03:10.670Z] >>> [apiv2][query] GET https://firebasehosting.googleapis.com/v1beta1/projects/shopping-87340/sites 
[debug] [2023-03-25T15:03:12.040Z] <<< [apiv2][status] GET https://firebasehosting.googleapis.com/v1beta1/projects/shopping-87340/sites 200
[debug] [2023-03-25T15:03:12.041Z] <<< [apiv2][body] GET https://firebasehosting.googleapis.com/v1beta1/projects/shopping-87340/sites {"sites":[{"name":"projects/shopping-87340/sites/shopping-87340","defaultUrl":"https://shopping-87340.web.app","appId":"1:518581027841:web:0820ae5f32de4a2f3bec00","type":"DEFAULT_SITE"}]}
[debug] [2023-03-25T15:03:12.041Z] >>> [apiv2][query] GET https://firebase.googleapis.com/v1beta1/projects/shopping-87340/webApps/1:518581027841:web:0820ae5f32de4a2f3bec00/config [none]
[debug] [2023-03-25T15:03:13.082Z] <<< [apiv2][status] GET https://firebase.googleapis.com/v1beta1/projects/shopping-87340/webApps/1:518581027841:web:0820ae5f32de4a2f3bec00/config 200
[debug] [2023-03-25T15:03:13.082Z] <<< [apiv2][body] GET https://firebase.googleapis.com/v1beta1/projects/shopping-87340/webApps/1:518581027841:web:0820ae5f32de4a2f3bec00/config {"projectId":"shopping-87340","appId":"1:518581027841:web:0820ae5f32de4a2f3bec00","storageBucket":"shopping-87340.appspot.com","apiKey":"AIzaSyBao5aB6JmSgSWEESh8zj3h24VZNgCBLZU","authDomain":"shopping-87340.firebaseapp.com","messagingSenderId":"518581027841","measurementId":"G-CDF781QJYK"}
[debug] [2023-03-25T15:03:13.104Z] >>> [apiv2][query] GET https://firebase.googleapis.com/v1beta1/projects/shopping-87340 [none]
[debug] [2023-03-25T15:03:13.535Z] <<< [apiv2][status] GET https://firebase.googleapis.com/v1beta1/projects/shopping-87340 200
[debug] [2023-03-25T15:03:13.536Z] <<< [apiv2][body] GET https://firebase.googleapis.com/v1beta1/projects/shopping-87340 {"projectId":"shopping-87340","projectNumber":"518581027841","displayName":"shopping","name":"projects/shopping-87340","resources":{"hostingSite":"shopping-87340"},"state":"ACTIVE","etag":"1_58f312dd-3db4-4afd-bf09-7f53fb6195f2"}
[debug] [2023-03-25T15:03:13.538Z] Specified "public" directory "build" does not exist; Deploy to Hosting site "shopping-87340" may fail or be empty.
[info] i  hosting[shopping-87340]: Serving hosting files from: build {"metadata":{"emulator":{"name":"hosting"},"message":"Serving hosting files from: \u001b[1mbuild\u001b[22m"}}
[info] ✔  hosting[shopping-87340]: Local server: http://127.0.0.1:5002 {"metadata":{"emulator":{"name":"hosting"},"message":"Local server: \u001b[4m\u001b[1mhttp://127.0.0.1:5002\u001b[22m\u001b[24m"}}
[warn] ⚠  emulators: The Emulator UI is not starting, either because none of the emulated products have an interaction layer in Emulator UI or it cannot determine the Project ID. Pass the --project flag to specify a project. {"metadata":{"emulator":{"name":"hub"},"message":"The Emulator UI is not starting, either because none of the emulated products have an interaction layer in Emulator UI or it cannot determine the Project ID. Pass the --project flag to specify a project."}}
[info] 
┌─────────────────────────────────────────────────────────────┐
│ ✔  All emulators ready! It is now safe to connect your app. │
└─────────────────────────────────────────────────────────────┘

┌──────────┬────────────────┐
│ Emulator │ Host:Port      │
├──────────┼────────────────┤
│ Hosting  │ 127.0.0.1:5002 │
└──────────┴────────────────┘
  Emulator Hub running at 127.0.0.1:4401
  Other reserved ports: 4501

Issues? Report them at https://github.com/firebase/firebase-tools/issues and attach the *-debug.log files.
 
